<?xml version="1.0" encoding="UTF-8"?>
<!-- Generated by org.testng.reporters.JUnitReportReporter -->
<testsuite hostname="DESKTOP-MKU891N" failures="0" tests="2" name="org.selenium.pages.LoginPageTest" time="36.253" errors="0" timestamp="22 Aug 2022 16:44:58 GMT" skipped="0">
  <testcase classname="org.selenium.pages.LoginPageTest" name="Test2" time="16.598"/>
  <testcase classname="org.selenium.pages.LoginPageTest" name="Test1" time="19.655"/>
</testsuite> <!-- org.selenium.pages.LoginPageTest -->
