<?xml version="1.0" encoding="UTF-8"?>
<!-- Generated by org.testng.reporters.JUnitReportReporter -->
<testsuite hostname="DESKTOP-MKU891N" failures="0" tests="1" name="org.selenium.pages.HomePageTest" time="18.858" errors="0" timestamp="22 Aug 2022 16:44:58 GMT" skipped="0">
  <testcase classname="org.selenium.pages.HomePageTest" name="Test1" time="18.858"/>
</testsuite> <!-- org.selenium.pages.HomePageTest -->
